-------------------------------------------------------------------------------
Test set: AddAssignmentTest
-------------------------------------------------------------------------------
Tests run: 3, Failures: 1, Errors: 0, Skipped: 0, Time elapsed: 0.5 s <<< FAILURE! - in AddAssignmentTest
TestAddAssignment(AddAssignmentTest)  Time elapsed: 0.016 s  <<< FAILURE!
java.lang.AssertionError: expected:<1> but was:<0>
	at AddAssignmentTest.TestAddAssignment(AddAssignmentTest.java:33)

