<?xml version="1.0" encoding="UTF-8"?>
<testsuite xmlns:xsi="http://www.w3.org/2001/XMLSchema-instance" xsi:noNamespaceSchemaLocation="https://maven.apache.org/surefire/maven-surefire-plugin/xsd/surefire-test-report.xsd" name="TestAddStudent" time="0.052" tests="3" errors="0" skipped="0" failures="1">
  <properties>
[...]
</properties>
  <testcase name="testAddStudentExisting" classname="TestAddStudent" time="0"/>
  <testcase name="checkExistingStudent" classname="TestAddStudent" time="0"/>
  <testcase name="testAddStudentSuccess" classname="TestAddStudent" time="0.012">
    <failure message="expected:&lt;0&gt; but was:&lt;1&gt;" type="java.lang.AssertionError"><![CDATA[java.lang.AssertionError: expected:<0> but was:<1>
	at TestAddStudent.testAddStudentSuccess(TestAddStudent.java:39)
]]></failure>
  </testcase>
</testsuite>