-------------------------------------------------------------------------------
Test set: TestAddStudent
-------------------------------------------------------------------------------
Tests run: 3, Failures: 1, Errors: 0, Skipped: 0, Time elapsed: 0.052 s <<< FAILURE! - in TestAddStudent
testAddStudentSuccess(TestAddStudent)  Time elapsed: 0.012 s  <<< FAILURE!
java.lang.AssertionError: expected:<0> but was:<1>
	at TestAddStudent.testAddStudentSuccess(TestAddStudent.java:39)

